{"uid":"7df27ec110c6cbdf","name":"Test 2 Successful login with admin credentials","fullName":"src/test/resources/features/Login.feature:23","historyId":"8daf03465fca896e3133461fe7266548","time":{"start":1771502830670,"stop":1771502833889,"duration":3219},"status":"broken","statusMessage":"Data Error: No row found for key 'Test 2 Successful login with admin credentials'","statusTrace":"java.lang.RuntimeException: Data Error: No row found for key 'Test 2 Successful login with admin credentials'\n\tat com.samtech.qa.utils.ExcelUtility.DataManager.getTestData(DataManager.java:21)\n\tat com.samtech.qa.stepdefinitions.LoginSteps.logsInWithValidCredentials(LoginSteps.java:46)\n\tat ✽.the user logs into the application with user credentials(file:///home/runner/work/playwright-cucumber-framework/playwright-cucumber-framework/src/test/resources/features/Login.feature:24)\n","flaky":false,"newFailed":false,"newBroken":false,"newPassed":false,"retriesCount":1,"retriesStatusChange":false,"beforeStages":[{"name":"com.samtech.qa.hooks.ApplicationHooks.setupScenario(io.cucumber.java.Scenario)","time":{"start":1771502830670,"stop":1771502830671,"duration":1},"status":"passed","steps":[],"attachments":[],"parameters":[],"shouldDisplayMessage":false,"stepsCount":0,"attachmentsCount":0,"hasContent":false,"attachmentStep":false},{"name":"com.samtech.qa.hooks.ApplicationHooks.startTrace()","time":{"start":1771502830671,"stop":1771502831072,"duration":401},"status":"passed","steps":[],"attachments":[],"parameters":[],"shouldDisplayMessage":false,"stepsCount":0,"attachmentsCount":0,"hasContent":false,"attachmentStep":false}],"testStage":{"status":"broken","statusMessage":"Data Error: No row found for key 'Test 2 Successful login with admin credentials'","statusTrace":"java.lang.RuntimeException: Data Error: No row found for key 'Test 2 Successful login with admin credentials'\n\tat com.samtech.qa.utils.ExcelUtility.DataManager.getTestData(DataManager.java:21)\n\tat com.samtech.qa.stepdefinitions.LoginSteps.logsInWithValidCredentials(LoginSteps.java:46)\n\tat ✽.the user logs into the application with user credentials(file:///home/runner/work/playwright-cucumber-framework/playwright-cucumber-framework/src/test/resources/features/Login.feature:24)\n","steps":[{"name":"Given  the user is on the login page","time":{"start":1771502831073,"stop":1771502833064,"duration":1991},"status":"passed","steps":[],"attachments":[],"parameters":[],"shouldDisplayMessage":false,"stepsCount":0,"attachmentsCount":0,"hasContent":false,"attachmentStep":false},{"name":"When  the user logs into the application with user credentials","time":{"start":1771502833064,"stop":1771502833147,"duration":83},"status":"broken","statusMessage":"Data Error: No row found for key 'Test 2 Successful login with admin credentials'","statusTrace":"java.lang.RuntimeException: Data Error: No row found for key 'Test 2 Successful login with admin credentials'\n\tat com.samtech.qa.utils.ExcelUtility.DataManager.getTestData(DataManager.java:21)\n\tat com.samtech.qa.stepdefinitions.LoginSteps.logsInWithValidCredentials(LoginSteps.java:46)\n\tat ✽.the user logs into the application with user credentials(file:///home/runner/work/playwright-cucumber-framework/playwright-cucumber-framework/src/test/resources/features/Login.feature:24)\n","steps":[],"attachments":[{"uid":"46080aa6de3ff8c6","name":"Step Screenshot","source":"46080aa6de3ff8c6.png","type":"image/png","size":44184}],"parameters":[],"shouldDisplayMessage":true,"stepsCount":0,"attachmentsCount":1,"hasContent":true,"attachmentStep":false},{"name":"Then  the user should see the \"Dashboard\" overview","time":{"start":1771502833147,"stop":1771502833148,"duration":1},"status":"skipped","steps":[],"attachments":[],"parameters":[],"shouldDisplayMessage":false,"stepsCount":0,"attachmentsCount":0,"hasContent":false,"attachmentStep":false}],"attachments":[],"parameters":[],"shouldDisplayMessage":false,"stepsCount":3,"attachmentsCount":1,"hasContent":true,"attachmentStep":false},"afterStages":[{"name":"com.samtech.qa.hooks.ApplicationHooks.captureScenarioScreenshot(io.cucumber.java.Scenario)","time":{"start":1771502833148,"stop":1771502833730,"duration":582},"status":"passed","steps":[],"attachments":[{"uid":"349b75d18369ee7e","name":"Final Scenario Result - FAILED","source":"349b75d18369ee7e.png","type":"image/png","size":52640}],"parameters":[],"shouldDisplayMessage":false,"stepsCount":0,"attachmentsCount":1,"hasContent":true,"attachmentStep":false},{"name":"com.samtech.qa.hooks.ApplicationHooks.captureTrace(io.cucumber.java.Scenario)","time":{"start":1771502833730,"stop":1771502833812,"duration":82},"status":"passed","steps":[],"attachments":[{"uid":"b61a276991677621","name":"Playwright Trace","source":"b61a276991677621.zip","type":"application/zip","size":934694}],"parameters":[],"shouldDisplayMessage":false,"stepsCount":0,"attachmentsCount":1,"hasContent":true,"attachmentStep":false},{"name":"com.samtech.qa.hooks.ApplicationHooks.captureVideo(io.cucumber.java.Scenario)","time":{"start":1771502833812,"stop":1771502833857,"duration":45},"status":"passed","steps":[],"attachments":[{"uid":"2400b21772d1f3a1","name":"Execution Video","source":"2400b21772d1f3a1.webm","type":"video/webm","size":133458}],"parameters":[],"shouldDisplayMessage":false,"stepsCount":0,"attachmentsCount":1,"hasContent":true,"attachmentStep":false},{"name":"com.samtech.qa.hooks.ApplicationHooks.quitBrowser(io.cucumber.java.Scenario)","time":{"start":1771502833857,"stop":1771502833889,"duration":32},"status":"passed","steps":[],"attachments":[],"parameters":[],"shouldDisplayMessage":false,"stepsCount":0,"attachmentsCount":0,"hasContent":false,"attachmentStep":false}],"labels":[{"name":"tag","value":"Login"},{"name":"tag","value":"regression"},{"name":"host","value":"runnervmjduv7"},{"name":"thread","value":"6159@runnervmjduv7.TestNG-PoolService-1(40)"},{"name":"feature","value":"User Authentication"},{"name":"story","value":"Test 2 Successful login with admin credentials"},{"name":"suite","value":"User Authentication"},{"name":"testClass","value":"Test 2 Successful login with admin credentials"},{"name":"framework","value":"cucumber4jvm"},{"name":"language","value":"java"},{"name":"gherkin_uri","value":"file:///home/runner/work/playwright-cucumber-framework/playwright-cucumber-framework/src/test/resources/features/Login.feature"},{"name":"package","value":"src.test.resources.features.Login_feature.User Authentication"},{"name":"resultFormat","value":"allure2"}],"parameters":[],"links":[],"hidden":false,"retry":false,"extra":{"severity":"normal","retries":[{"uid":"7caeab7681570e86","status":"broken","statusDetails":"Data Error: No row found for key 'Test 2 Successful login with admin credentials'","time":{"start":1771502808042,"stop":1771502813698,"duration":5656}}],"categories":[{"name":"Test defects","matchedStatuses":[]}],"history":{"statistic":{"failed":0,"broken":20,"skipped":0,"passed":0,"unknown":0,"total":20},"items":[{"uid":"f631c9857d93dd27","status":"broken","statusDetails":"Data Error: No row found for key 'Test 2 Successful login with admin credentials'","time":{"start":1771502290259,"stop":1771502293681,"duration":3422}},{"uid":"1c956071ada52e12","status":"broken","statusDetails":"Data Error: No row found for key 'Test 2 Successful login with admin credentials'","time":{"start":1771497959234,"stop":1771497963324,"duration":4090}},{"uid":"6f0cf01547a58b89","status":"broken","statusDetails":"Data Error: No row found for key 'Test 2 Successful login with admin credentials'","time":{"start":1771497057617,"stop":1771497064491,"duration":6874}},{"uid":"a89a62382c918431","status":"broken","statusDetails":"Data Error: No row found for key 'Test 2 Successful login with admin credentials'","time":{"start":1771495992232,"stop":1771496002689,"duration":10457}},{"uid":"c0dae8fb4acfc5b9","status":"broken","statusDetails":"Data Error: No row found for key 'Test 2 Successful login with admin credentials'","time":{"start":1771490884597,"stop":1771490889280,"duration":4683}},{"uid":"4ad280772f7659d","status":"broken","statusDetails":"Data Error: No row found for key 'Test 2 Successful login with admin credentials'","time":{"start":1771490157426,"stop":1771490161771,"duration":4345}},{"uid":"19e997ef5e814bfa","status":"broken","statusDetails":"Data Error: No row found for key 'Test 2 Successful login with admin credentials'","time":{"start":1771486424029,"stop":1771486429634,"duration":5605}},{"uid":"5af955cc11702634","status":"broken","statusDetails":"Data Error: No row found for key 'Test 2 Successful login with admin credentials'","time":{"start":1771486072306,"stop":1771486076996,"duration":4690}},{"uid":"7172c58ff6f52819","status":"broken","statusDetails":"Data Error: No row found for key 'Test 2 Successful login with admin credentials'","time":{"start":1771485310489,"stop":1771485317716,"duration":7227}},{"uid":"f0439b8641b06a90","status":"broken","statusDetails":"Data Error: No row found for key 'Test 2 Successful login with admin credentials'","time":{"start":1771484983389,"stop":1771484993315,"duration":9926}},{"uid":"7eac547c714b6585","status":"broken","statusDetails":"Data Error: No row found for key 'Test 2 Successful login with admin credentials'","time":{"start":1771483791863,"stop":1771483798444,"duration":6581}},{"uid":"117db5e39749214a","status":"broken","statusDetails":"Data Error: No row found for key 'Test 2 Successful login with admin credentials'","time":{"start":1771482826892,"stop":1771482831068,"duration":4176}},{"uid":"dff36f4e330b8e06","status":"broken","statusDetails":"Data Error: No row found for key 'Test 2 Successful login with admin credentials'","time":{"start":1771479776951,"stop":1771479781828,"duration":4877}},{"uid":"9a8420946e71ea1a","status":"broken","statusDetails":"Data Error: No row found for key 'Test 2 Successful login with admin credentials'","time":{"start":1771477409645,"stop":1771477413105,"duration":3460}},{"uid":"6ca8f3648733a2e9","status":"broken","statusDetails":"Data Error: No row found for key 'Test 2 Successful login with admin credentials'","time":{"start":1771473008560,"stop":1771473016649,"duration":8089}},{"uid":"15352da2e01595e","status":"broken","statusDetails":"Data Error: No row found for key 'Test 2 Successful login with admin credentials'","time":{"start":1771422617817,"stop":1771422621866,"duration":4049}},{"uid":"9c1f688fe0c0a990","status":"broken","statusDetails":"Data Error: No row found for key 'Test 2 Successful login with admin credentials'","time":{"start":1771421537646,"stop":1771421571921,"duration":34275}},{"uid":"3f7767fb06e0d891","status":"broken","statusDetails":"Data Error: No row found for key 'Test 2 Successful login with admin credentials'","time":{"start":1771419574468,"stop":1771419581184,"duration":6716}},{"uid":"b34968b788d5c3e7","status":"broken","statusDetails":"Data Error: No row found for key 'Test 2 Successful login with admin credentials'","time":{"start":1771416902934,"stop":1771416906623,"duration":3689}}]},"tags":["regression","Login"]},"source":"7df27ec110c6cbdf.json","parameterValues":[]}