{"uid":"ad132e390db5549a","name":"Test 1 Successful login with admin credentials","fullName":"src/test/resources/features/Login.feature:18","historyId":"97ce79cb5625043b47f948381fcef0be","time":{"start":1771473008564,"stop":1771473029822,"duration":21258},"status":"failed","statusMessage":"Dashboard failed to load! expected [true] but found [false]","statusTrace":"java.lang.AssertionError: Dashboard failed to load! expected [true] but found [false]\n\tat org.testng.Assert.fail(Assert.java:111)\n\tat org.testng.Assert.failNotEquals(Assert.java:1578)\n\tat org.testng.Assert.assertTrue(Assert.java:57)\n\tat com.samtech.qa.stepdefinitions.LoginSteps.verifyDashboardRedirection1(LoginSteps.java:72)\n\tat ✽.the user should see the \"Dashboard\" overview1(file:///home/runner/work/playwright-cucumber-framework/playwright-cucumber-framework/src/test/resources/features/Login.feature:20)\n","flaky":false,"newFailed":false,"newBroken":false,"newPassed":false,"retriesCount":1,"retriesStatusChange":false,"beforeStages":[{"name":"com.samtech.qa.hooks.ApplicationHooks.setupScenario(io.cucumber.java.Scenario)","time":{"start":1771473008564,"stop":1771473008566,"duration":2},"status":"passed","steps":[],"attachments":[],"parameters":[],"shouldDisplayMessage":false,"stepsCount":0,"attachmentsCount":0,"hasContent":false,"attachmentStep":false},{"name":"com.samtech.qa.hooks.ApplicationHooks.startTrace()","time":{"start":1771473008567,"stop":1771473008971,"duration":404},"status":"passed","steps":[],"attachments":[],"parameters":[],"shouldDisplayMessage":false,"stepsCount":0,"attachmentsCount":0,"hasContent":false,"attachmentStep":false}],"testStage":{"status":"failed","statusMessage":"Dashboard failed to load! expected [true] but found [false]","statusTrace":"java.lang.AssertionError: Dashboard failed to load! expected [true] but found [false]\n\tat org.testng.Assert.fail(Assert.java:111)\n\tat org.testng.Assert.failNotEquals(Assert.java:1578)\n\tat org.testng.Assert.assertTrue(Assert.java:57)\n\tat com.samtech.qa.stepdefinitions.LoginSteps.verifyDashboardRedirection1(LoginSteps.java:72)\n\tat ✽.the user should see the \"Dashboard\" overview1(file:///home/runner/work/playwright-cucumber-framework/playwright-cucumber-framework/src/test/resources/features/Login.feature:20)\n","steps":[{"name":"Given  the user is on the login page","time":{"start":1771473008971,"stop":1771473014055,"duration":5084},"status":"passed","steps":[],"attachments":[],"parameters":[],"shouldDisplayMessage":false,"stepsCount":0,"attachmentsCount":0,"hasContent":false,"attachmentStep":false},{"name":"When  the user logs into the application with user credentials","time":{"start":1771473014056,"stop":1771473028702,"duration":14646},"status":"passed","steps":[],"attachments":[],"parameters":[],"shouldDisplayMessage":false,"stepsCount":0,"attachmentsCount":0,"hasContent":false,"attachmentStep":false},{"name":"Then  the user should see the \"Dashboard\" overview1","time":{"start":1771473028702,"stop":1771473028800,"duration":98},"status":"failed","statusMessage":"Dashboard failed to load! expected [true] but found [false]","statusTrace":"java.lang.AssertionError: Dashboard failed to load! expected [true] but found [false]\n\tat org.testng.Assert.fail(Assert.java:111)\n\tat org.testng.Assert.failNotEquals(Assert.java:1578)\n\tat org.testng.Assert.assertTrue(Assert.java:57)\n\tat com.samtech.qa.stepdefinitions.LoginSteps.verifyDashboardRedirection1(LoginSteps.java:72)\n\tat ✽.the user should see the \"Dashboard\" overview1(file:///home/runner/work/playwright-cucumber-framework/playwright-cucumber-framework/src/test/resources/features/Login.feature:20)\n","steps":[],"attachments":[{"uid":"ce44cdef20117eb","name":"Step Screenshot","source":"ce44cdef20117eb.png","type":"image/png","size":69045}],"parameters":[],"shouldDisplayMessage":true,"stepsCount":0,"attachmentsCount":1,"hasContent":true,"attachmentStep":false}],"attachments":[],"parameters":[],"shouldDisplayMessage":false,"stepsCount":3,"attachmentsCount":1,"hasContent":true,"attachmentStep":false},"afterStages":[{"name":"com.samtech.qa.hooks.ApplicationHooks.captureScenarioScreenshot(io.cucumber.java.Scenario)","time":{"start":1771473028801,"stop":1771473029520,"duration":719},"status":"passed","steps":[],"attachments":[{"uid":"fc17d341621d1b66","name":"Final Scenario Result - FAILED","source":"fc17d341621d1b66.png","type":"image/png","size":174153}],"parameters":[],"shouldDisplayMessage":false,"stepsCount":0,"attachmentsCount":1,"hasContent":true,"attachmentStep":false},{"name":"com.samtech.qa.hooks.ApplicationHooks.captureTrace(io.cucumber.java.Scenario)","time":{"start":1771473029520,"stop":1771473029725,"duration":205},"status":"passed","steps":[],"attachments":[{"uid":"896742d393e6bd75","name":"Playwright Trace","source":"896742d393e6bd75.zip","type":"application/zip","size":3077217}],"parameters":[],"shouldDisplayMessage":false,"stepsCount":0,"attachmentsCount":1,"hasContent":true,"attachmentStep":false},{"name":"com.samtech.qa.hooks.ApplicationHooks.captureVideo(io.cucumber.java.Scenario)","time":{"start":1771473029725,"stop":1771473029785,"duration":60},"status":"passed","steps":[],"attachments":[{"uid":"910622f93bf05ca6","name":"Execution Video","source":"910622f93bf05ca6.webm","type":"video/webm","size":735987}],"parameters":[],"shouldDisplayMessage":false,"stepsCount":0,"attachmentsCount":1,"hasContent":true,"attachmentStep":false},{"name":"com.samtech.qa.hooks.ApplicationHooks.quitBrowser(io.cucumber.java.Scenario)","time":{"start":1771473029785,"stop":1771473029822,"duration":37},"status":"passed","steps":[],"attachments":[],"parameters":[],"shouldDisplayMessage":false,"stepsCount":0,"attachmentsCount":0,"hasContent":false,"attachmentStep":false}],"labels":[{"name":"tag","value":"Login"},{"name":"tag","value":"regression"},{"name":"host","value":"runnervmjduv7"},{"name":"thread","value":"6161@runnervmjduv7.TestNG-PoolService-0(40)"},{"name":"feature","value":"User Authentication"},{"name":"story","value":"Test 1 Successful login with admin credentials"},{"name":"suite","value":"User Authentication"},{"name":"testClass","value":"Test 1 Successful login with admin credentials"},{"name":"framework","value":"cucumber4jvm"},{"name":"language","value":"java"},{"name":"gherkin_uri","value":"file:///home/runner/work/playwright-cucumber-framework/playwright-cucumber-framework/src/test/resources/features/Login.feature"},{"name":"package","value":"src.test.resources.features.Login_feature.User Authentication"},{"name":"resultFormat","value":"allure2"}],"parameters":[],"links":[],"hidden":false,"retry":false,"extra":{"severity":"normal","retries":[{"uid":"498509fbe8c5d983","status":"failed","statusDetails":"Dashboard failed to load! expected [true] but found [false]","time":{"start":1771472963785,"stop":1771473002085,"duration":38300}}],"categories":[{"name":"Product defects","matchedStatuses":[]}],"history":{"statistic":{"failed":4,"broken":1,"skipped":0,"passed":0,"unknown":0,"total":5},"items":[{"uid":"743d627eea152314","status":"failed","statusDetails":"Dashboard failed to load! expected [true] but found [false]","time":{"start":1771422617820,"stop":1771422636193,"duration":18373}},{"uid":"3b07e0ecd5b6863d","status":"broken","statusDetails":"All locators failed for clickElement.","time":{"start":1771421537641,"stop":1771421612816,"duration":75175}},{"uid":"520eeaaa9fdf9e7f","status":"failed","statusDetails":"Dashboard failed to load! expected [true] but found [false]","time":{"start":1771419574470,"stop":1771419613574,"duration":39104}},{"uid":"b195264ac710986e","status":"failed","statusDetails":"Dashboard failed to load! expected [true] but found [false]","time":{"start":1771416902929,"stop":1771416923561,"duration":20632}}]},"tags":["regression","Login"]},"source":"ad132e390db5549a.json","parameterValues":[]}