{"uid":"b25b115d93e292b","name":"Test 1 Successful login with admin credentials","fullName":"src/test/resources/features/Login.feature:18","historyId":"97ce79cb5625043b47f948381fcef0be","time":{"start":1771490884594,"stop":1771490903933,"duration":19339},"status":"failed","statusMessage":"Dashboard failed to load! expected [true] but found [false]","statusTrace":"java.lang.AssertionError: Dashboard failed to load! expected [true] but found [false]\n\tat org.testng.Assert.fail(Assert.java:111)\n\tat org.testng.Assert.failNotEquals(Assert.java:1578)\n\tat org.testng.Assert.assertTrue(Assert.java:57)\n\tat com.samtech.qa.stepdefinitions.LoginSteps.verifyDashboardRedirection1(LoginSteps.java:72)\n\tat ✽.the user should see the \"Dashboard\" overview1(file:///home/runner/work/playwright-cucumber-framework/playwright-cucumber-framework/src/test/resources/features/Login.feature:20)\n","flaky":false,"newFailed":false,"newBroken":false,"newPassed":false,"retriesCount":1,"retriesStatusChange":false,"beforeStages":[{"name":"com.samtech.qa.hooks.ApplicationHooks.setupScenario(io.cucumber.java.Scenario)","time":{"start":1771490884594,"stop":1771490884595,"duration":1},"status":"passed","steps":[],"attachments":[],"parameters":[],"shouldDisplayMessage":false,"stepsCount":0,"attachmentsCount":0,"hasContent":false,"attachmentStep":false},{"name":"com.samtech.qa.hooks.ApplicationHooks.startTrace()","time":{"start":1771490884595,"stop":1771490885060,"duration":465},"status":"passed","steps":[],"attachments":[],"parameters":[],"shouldDisplayMessage":false,"stepsCount":0,"attachmentsCount":0,"hasContent":false,"attachmentStep":false}],"testStage":{"status":"failed","statusMessage":"Dashboard failed to load! expected [true] but found [false]","statusTrace":"java.lang.AssertionError: Dashboard failed to load! expected [true] but found [false]\n\tat org.testng.Assert.fail(Assert.java:111)\n\tat org.testng.Assert.failNotEquals(Assert.java:1578)\n\tat org.testng.Assert.assertTrue(Assert.java:57)\n\tat com.samtech.qa.stepdefinitions.LoginSteps.verifyDashboardRedirection1(LoginSteps.java:72)\n\tat ✽.the user should see the \"Dashboard\" overview1(file:///home/runner/work/playwright-cucumber-framework/playwright-cucumber-framework/src/test/resources/features/Login.feature:20)\n","steps":[{"name":"Given  the user is on the login page","time":{"start":1771490885060,"stop":1771490888562,"duration":3502},"status":"passed","steps":[],"attachments":[],"parameters":[],"shouldDisplayMessage":false,"stepsCount":0,"attachmentsCount":0,"hasContent":false,"attachmentStep":false},{"name":"When  the user logs into the application with user credentials","time":{"start":1771490888562,"stop":1771490902816,"duration":14254},"status":"passed","steps":[],"attachments":[],"parameters":[],"shouldDisplayMessage":false,"stepsCount":0,"attachmentsCount":0,"hasContent":false,"attachmentStep":false},{"name":"Then  the user should see the \"Dashboard\" overview1","time":{"start":1771490902816,"stop":1771490902918,"duration":102},"status":"failed","statusMessage":"Dashboard failed to load! expected [true] but found [false]","statusTrace":"java.lang.AssertionError: Dashboard failed to load! expected [true] but found [false]\n\tat org.testng.Assert.fail(Assert.java:111)\n\tat org.testng.Assert.failNotEquals(Assert.java:1578)\n\tat org.testng.Assert.assertTrue(Assert.java:57)\n\tat com.samtech.qa.stepdefinitions.LoginSteps.verifyDashboardRedirection1(LoginSteps.java:72)\n\tat ✽.the user should see the \"Dashboard\" overview1(file:///home/runner/work/playwright-cucumber-framework/playwright-cucumber-framework/src/test/resources/features/Login.feature:20)\n","steps":[],"attachments":[{"uid":"c0befb5a8dbac104","name":"Step Screenshot","source":"c0befb5a8dbac104.png","type":"image/png","size":68549}],"parameters":[],"shouldDisplayMessage":true,"stepsCount":0,"attachmentsCount":1,"hasContent":true,"attachmentStep":false}],"attachments":[],"parameters":[],"shouldDisplayMessage":false,"stepsCount":3,"attachmentsCount":1,"hasContent":true,"attachmentStep":false},"afterStages":[{"name":"com.samtech.qa.hooks.ApplicationHooks.captureScenarioScreenshot(io.cucumber.java.Scenario)","time":{"start":1771490902918,"stop":1771490903632,"duration":714},"status":"passed","steps":[],"attachments":[{"uid":"be558bbc33505d5c","name":"Final Scenario Result - FAILED","source":"be558bbc33505d5c.png","type":"image/png","size":174516}],"parameters":[],"shouldDisplayMessage":false,"stepsCount":0,"attachmentsCount":1,"hasContent":true,"attachmentStep":false},{"name":"com.samtech.qa.hooks.ApplicationHooks.captureTrace(io.cucumber.java.Scenario)","time":{"start":1771490903633,"stop":1771490903839,"duration":206},"status":"passed","steps":[],"attachments":[{"uid":"1806d83355de7dd1","name":"Playwright Trace","source":"1806d83355de7dd1.zip","type":"application/zip","size":3268984}],"parameters":[],"shouldDisplayMessage":false,"stepsCount":0,"attachmentsCount":1,"hasContent":true,"attachmentStep":false},{"name":"com.samtech.qa.hooks.ApplicationHooks.captureVideo(io.cucumber.java.Scenario)","time":{"start":1771490903839,"stop":1771490903900,"duration":61},"status":"passed","steps":[],"attachments":[{"uid":"662cfb4b883380b7","name":"Execution Video","source":"662cfb4b883380b7.webm","type":"video/webm","size":671041}],"parameters":[],"shouldDisplayMessage":false,"stepsCount":0,"attachmentsCount":1,"hasContent":true,"attachmentStep":false},{"name":"com.samtech.qa.hooks.ApplicationHooks.quitBrowser(io.cucumber.java.Scenario)","time":{"start":1771490903900,"stop":1771490903933,"duration":33},"status":"passed","steps":[],"attachments":[],"parameters":[],"shouldDisplayMessage":false,"stepsCount":0,"attachmentsCount":0,"hasContent":false,"attachmentStep":false}],"labels":[{"name":"tag","value":"Login"},{"name":"tag","value":"regression"},{"name":"host","value":"runnervmjduv7"},{"name":"thread","value":"6156@runnervmjduv7.TestNG-PoolService-0(39)"},{"name":"feature","value":"User Authentication"},{"name":"story","value":"Test 1 Successful login with admin credentials"},{"name":"suite","value":"User Authentication"},{"name":"testClass","value":"Test 1 Successful login with admin credentials"},{"name":"framework","value":"cucumber4jvm"},{"name":"language","value":"java"},{"name":"gherkin_uri","value":"file:///home/runner/work/playwright-cucumber-framework/playwright-cucumber-framework/src/test/resources/features/Login.feature"},{"name":"package","value":"src.test.resources.features.Login_feature.User Authentication"},{"name":"resultFormat","value":"allure2"}],"parameters":[],"links":[],"hidden":false,"retry":false,"extra":{"severity":"normal","retries":[{"uid":"a9abd8edbb7939d1","status":"failed","statusDetails":"Dashboard failed to load! expected [true] but found [false]","time":{"start":1771490856628,"stop":1771490880097,"duration":23469}}],"categories":[{"name":"Product defects","matchedStatuses":[]}],"history":{"statistic":{"failed":14,"broken":1,"skipped":0,"passed":0,"unknown":0,"total":15},"items":[{"uid":"3b578e270ea68794","status":"failed","statusDetails":"Dashboard failed to load! expected [true] but found [false]","time":{"start":1771490157428,"stop":1771490177716,"duration":20288}},{"uid":"7cf6f19367e47e81","status":"failed","statusDetails":"Dashboard failed to load! expected [true] but found [false]","time":{"start":1771486424027,"stop":1771486446463,"duration":22436}},{"uid":"10d5663be6fd3f49","status":"failed","statusDetails":"Dashboard failed to load! expected [true] but found [false]","time":{"start":1771486072304,"stop":1771486093589,"duration":21285}},{"uid":"985f494cecb73844","status":"failed","statusDetails":"Dashboard failed to load! expected [true] but found [false]","time":{"start":1771485310490,"stop":1771485332832,"duration":22342}},{"uid":"215eda7f52c845da","status":"failed","statusDetails":"Dashboard failed to load! expected [true] but found [false]","time":{"start":1771484983391,"stop":1771485023542,"duration":40151}},{"uid":"645ce9eda0716e50","status":"failed","statusDetails":"Dashboard failed to load! expected [true] but found [false]","time":{"start":1771483791860,"stop":1771483822783,"duration":30923}},{"uid":"94263062087870bc","status":"failed","statusDetails":"Dashboard failed to load! expected [true] but found [false]","time":{"start":1771482826889,"stop":1771482846820,"duration":19931}},{"uid":"6556de822fff5e17","status":"failed","statusDetails":"Dashboard failed to load! expected [true] but found [false]","time":{"start":1771479776956,"stop":1771479798438,"duration":21482}},{"uid":"5e2a874dfa0dc71","status":"failed","statusDetails":"Dashboard failed to load! expected [true] but found [false]","time":{"start":1771477409646,"stop":1771477427839,"duration":18193}},{"uid":"ad132e390db5549a","status":"failed","statusDetails":"Dashboard failed to load! expected [true] but found [false]","time":{"start":1771473008564,"stop":1771473029822,"duration":21258}},{"uid":"743d627eea152314","status":"failed","statusDetails":"Dashboard failed to load! expected [true] but found [false]","time":{"start":1771422617820,"stop":1771422636193,"duration":18373}},{"uid":"3b07e0ecd5b6863d","status":"broken","statusDetails":"All locators failed for clickElement.","time":{"start":1771421537641,"stop":1771421612816,"duration":75175}},{"uid":"520eeaaa9fdf9e7f","status":"failed","statusDetails":"Dashboard failed to load! expected [true] but found [false]","time":{"start":1771419574470,"stop":1771419613574,"duration":39104}},{"uid":"b195264ac710986e","status":"failed","statusDetails":"Dashboard failed to load! expected [true] but found [false]","time":{"start":1771416902929,"stop":1771416923561,"duration":20632}}]},"tags":["regression","Login"]},"source":"b25b115d93e292b.json","parameterValues":[]}