{"uid":"6556de822fff5e17","name":"Test 1 Successful login with admin credentials","fullName":"src/test/resources/features/Login.feature:18","historyId":"97ce79cb5625043b47f948381fcef0be","time":{"start":1771479776956,"stop":1771479798438,"duration":21482},"status":"failed","statusMessage":"Dashboard failed to load! expected [true] but found [false]","statusTrace":"java.lang.AssertionError: Dashboard failed to load! expected [true] but found [false]\n\tat org.testng.Assert.fail(Assert.java:111)\n\tat org.testng.Assert.failNotEquals(Assert.java:1578)\n\tat org.testng.Assert.assertTrue(Assert.java:57)\n\tat com.samtech.qa.stepdefinitions.LoginSteps.verifyDashboardRedirection1(LoginSteps.java:72)\n\tat ✽.the user should see the \"Dashboard\" overview1(file:///home/runner/work/playwright-cucumber-framework/playwright-cucumber-framework/src/test/resources/features/Login.feature:20)\n","flaky":false,"newFailed":false,"newBroken":false,"newPassed":false,"retriesCount":1,"retriesStatusChange":false,"beforeStages":[{"name":"com.samtech.qa.hooks.ApplicationHooks.setupScenario(io.cucumber.java.Scenario)","time":{"start":1771479776957,"stop":1771479776957,"duration":0},"status":"passed","steps":[],"attachments":[],"parameters":[],"shouldDisplayMessage":false,"stepsCount":0,"attachmentsCount":0,"hasContent":false,"attachmentStep":false},{"name":"com.samtech.qa.hooks.ApplicationHooks.startTrace()","time":{"start":1771479776958,"stop":1771479777390,"duration":432},"status":"passed","steps":[],"attachments":[],"parameters":[],"shouldDisplayMessage":false,"stepsCount":0,"attachmentsCount":0,"hasContent":false,"attachmentStep":false}],"testStage":{"status":"failed","statusMessage":"Dashboard failed to load! expected [true] but found [false]","statusTrace":"java.lang.AssertionError: Dashboard failed to load! expected [true] but found [false]\n\tat org.testng.Assert.fail(Assert.java:111)\n\tat org.testng.Assert.failNotEquals(Assert.java:1578)\n\tat org.testng.Assert.assertTrue(Assert.java:57)\n\tat com.samtech.qa.stepdefinitions.LoginSteps.verifyDashboardRedirection1(LoginSteps.java:72)\n\tat ✽.the user should see the \"Dashboard\" overview1(file:///home/runner/work/playwright-cucumber-framework/playwright-cucumber-framework/src/test/resources/features/Login.feature:20)\n","steps":[{"name":"Given  the user is on the login page","time":{"start":1771479777391,"stop":1771479780708,"duration":3317},"status":"passed","steps":[],"attachments":[],"parameters":[],"shouldDisplayMessage":false,"stepsCount":0,"attachmentsCount":0,"hasContent":false,"attachmentStep":false},{"name":"When  the user logs into the application with user credentials","time":{"start":1771479780708,"stop":1771479797169,"duration":16461},"status":"passed","steps":[],"attachments":[],"parameters":[],"shouldDisplayMessage":false,"stepsCount":0,"attachmentsCount":0,"hasContent":false,"attachmentStep":false},{"name":"Then  the user should see the \"Dashboard\" overview1","time":{"start":1771479797169,"stop":1771479797266,"duration":97},"status":"failed","statusMessage":"Dashboard failed to load! expected [true] but found [false]","statusTrace":"java.lang.AssertionError: Dashboard failed to load! expected [true] but found [false]\n\tat org.testng.Assert.fail(Assert.java:111)\n\tat org.testng.Assert.failNotEquals(Assert.java:1578)\n\tat org.testng.Assert.assertTrue(Assert.java:57)\n\tat com.samtech.qa.stepdefinitions.LoginSteps.verifyDashboardRedirection1(LoginSteps.java:72)\n\tat ✽.the user should see the \"Dashboard\" overview1(file:///home/runner/work/playwright-cucumber-framework/playwright-cucumber-framework/src/test/resources/features/Login.feature:20)\n","steps":[],"attachments":[{"uid":"782c15a19cc45659","name":"Step Screenshot","source":"782c15a19cc45659.png","type":"image/png","size":64370}],"parameters":[],"shouldDisplayMessage":true,"stepsCount":0,"attachmentsCount":1,"hasContent":true,"attachmentStep":false}],"attachments":[],"parameters":[],"shouldDisplayMessage":false,"stepsCount":3,"attachmentsCount":1,"hasContent":true,"attachmentStep":false},"afterStages":[{"name":"com.samtech.qa.hooks.ApplicationHooks.captureScenarioScreenshot(io.cucumber.java.Scenario)","time":{"start":1771479797266,"stop":1771479798073,"duration":807},"status":"passed","steps":[],"attachments":[{"uid":"4595f28150579624","name":"Final Scenario Result - FAILED","source":"4595f28150579624.png","type":"image/png","size":165982}],"parameters":[],"shouldDisplayMessage":false,"stepsCount":0,"attachmentsCount":1,"hasContent":true,"attachmentStep":false},{"name":"com.samtech.qa.hooks.ApplicationHooks.captureTrace(io.cucumber.java.Scenario)","time":{"start":1771479798073,"stop":1771479798297,"duration":224},"status":"passed","steps":[],"attachments":[{"uid":"3936df4f8e2be440","name":"Playwright Trace","source":"3936df4f8e2be440.zip","type":"application/zip","size":3209292}],"parameters":[],"shouldDisplayMessage":false,"stepsCount":0,"attachmentsCount":1,"hasContent":true,"attachmentStep":false},{"name":"com.samtech.qa.hooks.ApplicationHooks.captureVideo(io.cucumber.java.Scenario)","time":{"start":1771479798297,"stop":1771479798394,"duration":97},"status":"passed","steps":[],"attachments":[{"uid":"58311122875d300","name":"Execution Video","source":"58311122875d300.webm","type":"video/webm","size":743690}],"parameters":[],"shouldDisplayMessage":false,"stepsCount":0,"attachmentsCount":1,"hasContent":true,"attachmentStep":false},{"name":"com.samtech.qa.hooks.ApplicationHooks.quitBrowser(io.cucumber.java.Scenario)","time":{"start":1771479798397,"stop":1771479798438,"duration":41},"status":"passed","steps":[],"attachments":[],"parameters":[],"shouldDisplayMessage":false,"stepsCount":0,"attachmentsCount":0,"hasContent":false,"attachmentStep":false}],"labels":[{"name":"tag","value":"Login"},{"name":"tag","value":"regression"},{"name":"host","value":"runnervmjduv7"},{"name":"thread","value":"6263@runnervmjduv7.TestNG-PoolService-0(39)"},{"name":"feature","value":"User Authentication"},{"name":"story","value":"Test 1 Successful login with admin credentials"},{"name":"suite","value":"User Authentication"},{"name":"testClass","value":"Test 1 Successful login with admin credentials"},{"name":"framework","value":"cucumber4jvm"},{"name":"language","value":"java"},{"name":"gherkin_uri","value":"file:///home/runner/work/playwright-cucumber-framework/playwright-cucumber-framework/src/test/resources/features/Login.feature"},{"name":"package","value":"src.test.resources.features.Login_feature.User Authentication"},{"name":"resultFormat","value":"allure2"}],"parameters":[],"links":[],"hidden":false,"retry":false,"extra":{"severity":"normal","retries":[{"uid":"bafc2a0d848b3c94","status":"failed","statusDetails":"Dashboard failed to load! expected [true] but found [false]","time":{"start":1771479748136,"stop":1771479774706,"duration":26570}}],"categories":[{"name":"Product defects","matchedStatuses":[]}],"history":{"statistic":{"failed":6,"broken":1,"skipped":0,"passed":0,"unknown":0,"total":7},"items":[{"uid":"5e2a874dfa0dc71","status":"failed","statusDetails":"Dashboard failed to load! expected [true] but found [false]","time":{"start":1771477409646,"stop":1771477427839,"duration":18193}},{"uid":"ad132e390db5549a","status":"failed","statusDetails":"Dashboard failed to load! expected [true] but found [false]","time":{"start":1771473008564,"stop":1771473029822,"duration":21258}},{"uid":"743d627eea152314","status":"failed","statusDetails":"Dashboard failed to load! expected [true] but found [false]","time":{"start":1771422617820,"stop":1771422636193,"duration":18373}},{"uid":"3b07e0ecd5b6863d","status":"broken","statusDetails":"All locators failed for clickElement.","time":{"start":1771421537641,"stop":1771421612816,"duration":75175}},{"uid":"520eeaaa9fdf9e7f","status":"failed","statusDetails":"Dashboard failed to load! expected [true] but found [false]","time":{"start":1771419574470,"stop":1771419613574,"duration":39104}},{"uid":"b195264ac710986e","status":"failed","statusDetails":"Dashboard failed to load! expected [true] but found [false]","time":{"start":1771416902929,"stop":1771416923561,"duration":20632}}]},"tags":["regression","Login"]},"source":"6556de822fff5e17.json","parameterValues":[]}