{"uid":"94263062087870bc","name":"Test 1 Successful login with admin credentials","fullName":"src/test/resources/features/Login.feature:18","historyId":"97ce79cb5625043b47f948381fcef0be","time":{"start":1771482826889,"stop":1771482846820,"duration":19931},"status":"failed","statusMessage":"Dashboard failed to load! expected [true] but found [false]","statusTrace":"java.lang.AssertionError: Dashboard failed to load! expected [true] but found [false]\n\tat org.testng.Assert.fail(Assert.java:111)\n\tat org.testng.Assert.failNotEquals(Assert.java:1578)\n\tat org.testng.Assert.assertTrue(Assert.java:57)\n\tat com.samtech.qa.stepdefinitions.LoginSteps.verifyDashboardRedirection1(LoginSteps.java:72)\n\tat ✽.the user should see the \"Dashboard\" overview1(file:///home/runner/work/playwright-cucumber-framework/playwright-cucumber-framework/src/test/resources/features/Login.feature:20)\n","flaky":false,"newFailed":false,"newBroken":false,"newPassed":false,"retriesCount":1,"retriesStatusChange":false,"beforeStages":[{"name":"com.samtech.qa.hooks.ApplicationHooks.setupScenario(io.cucumber.java.Scenario)","time":{"start":1771482826889,"stop":1771482826890,"duration":1},"status":"passed","steps":[],"attachments":[],"parameters":[],"shouldDisplayMessage":false,"stepsCount":0,"attachmentsCount":0,"hasContent":false,"attachmentStep":false},{"name":"com.samtech.qa.hooks.ApplicationHooks.startTrace()","time":{"start":1771482826890,"stop":1771482827293,"duration":403},"status":"passed","steps":[],"attachments":[],"parameters":[],"shouldDisplayMessage":false,"stepsCount":0,"attachmentsCount":0,"hasContent":false,"attachmentStep":false}],"testStage":{"status":"failed","statusMessage":"Dashboard failed to load! expected [true] but found [false]","statusTrace":"java.lang.AssertionError: Dashboard failed to load! expected [true] but found [false]\n\tat org.testng.Assert.fail(Assert.java:111)\n\tat org.testng.Assert.failNotEquals(Assert.java:1578)\n\tat org.testng.Assert.assertTrue(Assert.java:57)\n\tat com.samtech.qa.stepdefinitions.LoginSteps.verifyDashboardRedirection1(LoginSteps.java:72)\n\tat ✽.the user should see the \"Dashboard\" overview1(file:///home/runner/work/playwright-cucumber-framework/playwright-cucumber-framework/src/test/resources/features/Login.feature:20)\n","steps":[{"name":"Given  the user is on the login page","time":{"start":1771482827294,"stop":1771482830273,"duration":2979},"status":"passed","steps":[],"attachments":[],"parameters":[],"shouldDisplayMessage":false,"stepsCount":0,"attachmentsCount":0,"hasContent":false,"attachmentStep":false},{"name":"When  the user logs into the application with user credentials","time":{"start":1771482830274,"stop":1771482845718,"duration":15444},"status":"passed","steps":[],"attachments":[],"parameters":[],"shouldDisplayMessage":false,"stepsCount":0,"attachmentsCount":0,"hasContent":false,"attachmentStep":false},{"name":"Then  the user should see the \"Dashboard\" overview1","time":{"start":1771482845719,"stop":1771482845793,"duration":74},"status":"failed","statusMessage":"Dashboard failed to load! expected [true] but found [false]","statusTrace":"java.lang.AssertionError: Dashboard failed to load! expected [true] but found [false]\n\tat org.testng.Assert.fail(Assert.java:111)\n\tat org.testng.Assert.failNotEquals(Assert.java:1578)\n\tat org.testng.Assert.assertTrue(Assert.java:57)\n\tat com.samtech.qa.stepdefinitions.LoginSteps.verifyDashboardRedirection1(LoginSteps.java:72)\n\tat ✽.the user should see the \"Dashboard\" overview1(file:///home/runner/work/playwright-cucumber-framework/playwright-cucumber-framework/src/test/resources/features/Login.feature:20)\n","steps":[],"attachments":[{"uid":"6500b0c004805331","name":"Step Screenshot","source":"6500b0c004805331.png","type":"image/png","size":67539}],"parameters":[],"shouldDisplayMessage":true,"stepsCount":0,"attachmentsCount":1,"hasContent":true,"attachmentStep":false}],"attachments":[],"parameters":[],"shouldDisplayMessage":false,"stepsCount":3,"attachmentsCount":1,"hasContent":true,"attachmentStep":false},"afterStages":[{"name":"com.samtech.qa.hooks.ApplicationHooks.captureScenarioScreenshot(io.cucumber.java.Scenario)","time":{"start":1771482845793,"stop":1771482846523,"duration":730},"status":"passed","steps":[],"attachments":[{"uid":"84038d99db0e13df","name":"Final Scenario Result - FAILED","source":"84038d99db0e13df.png","type":"image/png","size":176078}],"parameters":[],"shouldDisplayMessage":false,"stepsCount":0,"attachmentsCount":1,"hasContent":true,"attachmentStep":false},{"name":"com.samtech.qa.hooks.ApplicationHooks.captureTrace(io.cucumber.java.Scenario)","time":{"start":1771482846523,"stop":1771482846719,"duration":196},"status":"passed","steps":[],"attachments":[{"uid":"de0b6a6d53ba097f","name":"Playwright Trace","source":"de0b6a6d53ba097f.zip","type":"application/zip","size":2956430}],"parameters":[],"shouldDisplayMessage":false,"stepsCount":0,"attachmentsCount":1,"hasContent":true,"attachmentStep":false},{"name":"com.samtech.qa.hooks.ApplicationHooks.captureVideo(io.cucumber.java.Scenario)","time":{"start":1771482846719,"stop":1771482846783,"duration":64},"status":"passed","steps":[],"attachments":[{"uid":"21e4a82dfd29ca22","name":"Execution Video","source":"21e4a82dfd29ca22.webm","type":"video/webm","size":706262}],"parameters":[],"shouldDisplayMessage":false,"stepsCount":0,"attachmentsCount":1,"hasContent":true,"attachmentStep":false},{"name":"com.samtech.qa.hooks.ApplicationHooks.quitBrowser(io.cucumber.java.Scenario)","time":{"start":1771482846783,"stop":1771482846820,"duration":37},"status":"passed","steps":[],"attachments":[],"parameters":[],"shouldDisplayMessage":false,"stepsCount":0,"attachmentsCount":0,"hasContent":false,"attachmentStep":false}],"labels":[{"name":"tag","value":"Login"},{"name":"tag","value":"regression"},{"name":"host","value":"runnervmjduv7"},{"name":"thread","value":"6148@runnervmjduv7.TestNG-PoolService-0(40)"},{"name":"feature","value":"User Authentication"},{"name":"story","value":"Test 1 Successful login with admin credentials"},{"name":"suite","value":"User Authentication"},{"name":"testClass","value":"Test 1 Successful login with admin credentials"},{"name":"framework","value":"cucumber4jvm"},{"name":"language","value":"java"},{"name":"gherkin_uri","value":"file:///home/runner/work/playwright-cucumber-framework/playwright-cucumber-framework/src/test/resources/features/Login.feature"},{"name":"package","value":"src.test.resources.features.Login_feature.User Authentication"},{"name":"resultFormat","value":"allure2"}],"parameters":[],"links":[],"hidden":false,"retry":false,"extra":{"severity":"normal","retries":[{"uid":"d71f7cfaaf158462","status":"failed","statusDetails":"Dashboard failed to load! expected [true] but found [false]","time":{"start":1771482801370,"stop":1771482823419,"duration":22049}}],"categories":[{"name":"Product defects","matchedStatuses":[]}],"history":{"statistic":{"failed":7,"broken":1,"skipped":0,"passed":0,"unknown":0,"total":8},"items":[{"uid":"6556de822fff5e17","status":"failed","statusDetails":"Dashboard failed to load! expected [true] but found [false]","time":{"start":1771479776956,"stop":1771479798438,"duration":21482}},{"uid":"5e2a874dfa0dc71","status":"failed","statusDetails":"Dashboard failed to load! expected [true] but found [false]","time":{"start":1771477409646,"stop":1771477427839,"duration":18193}},{"uid":"ad132e390db5549a","status":"failed","statusDetails":"Dashboard failed to load! expected [true] but found [false]","time":{"start":1771473008564,"stop":1771473029822,"duration":21258}},{"uid":"743d627eea152314","status":"failed","statusDetails":"Dashboard failed to load! expected [true] but found [false]","time":{"start":1771422617820,"stop":1771422636193,"duration":18373}},{"uid":"3b07e0ecd5b6863d","status":"broken","statusDetails":"All locators failed for clickElement.","time":{"start":1771421537641,"stop":1771421612816,"duration":75175}},{"uid":"520eeaaa9fdf9e7f","status":"failed","statusDetails":"Dashboard failed to load! expected [true] but found [false]","time":{"start":1771419574470,"stop":1771419613574,"duration":39104}},{"uid":"b195264ac710986e","status":"failed","statusDetails":"Dashboard failed to load! expected [true] but found [false]","time":{"start":1771416902929,"stop":1771416923561,"duration":20632}}]},"tags":["regression","Login"]},"source":"94263062087870bc.json","parameterValues":[]}