{"uid":"c646032db4c9911","name":"Test 1 Successful login with admin credentials","fullName":"src/test/resources/features/Login.feature:18","historyId":"97ce79cb5625043b47f948381fcef0be","time":{"start":1771421509869,"stop":1771421532023,"duration":22154},"status":"failed","statusMessage":"Dashboard failed to load! expected [true] but found [false]","statusTrace":"java.lang.AssertionError: Dashboard failed to load! expected [true] but found [false]\n\tat org.testng.Assert.fail(Assert.java:111)\n\tat org.testng.Assert.failNotEquals(Assert.java:1578)\n\tat org.testng.Assert.assertTrue(Assert.java:57)\n\tat com.samtech.qa.stepdefinitions.LoginSteps.verifyDashboardRedirection1(LoginSteps.java:72)\n\tat ✽.the user should see the \"Dashboard\" overview1(file:///home/runner/work/playwright-cucumber-framework/playwright-cucumber-framework/src/test/resources/features/Login.feature:20)\n","flaky":false,"newFailed":false,"newBroken":false,"newPassed":false,"retriesCount":0,"retriesStatusChange":false,"beforeStages":[{"name":"com.samtech.qa.hooks.ApplicationHooks.setupScenario(io.cucumber.java.Scenario)","time":{"start":1771421509873,"stop":1771421509879,"duration":6},"status":"passed","steps":[],"attachments":[],"parameters":[],"shouldDisplayMessage":false,"stepsCount":0,"attachmentsCount":0,"hasContent":false,"attachmentStep":false},{"name":"com.samtech.qa.hooks.ApplicationHooks.startTrace()","time":{"start":1771421509881,"stop":1771421511463,"duration":1582},"status":"passed","steps":[],"attachments":[],"parameters":[],"shouldDisplayMessage":false,"stepsCount":0,"attachmentsCount":0,"hasContent":false,"attachmentStep":false}],"testStage":{"status":"failed","statusMessage":"Dashboard failed to load! expected [true] but found [false]","statusTrace":"java.lang.AssertionError: Dashboard failed to load! expected [true] but found [false]\n\tat org.testng.Assert.fail(Assert.java:111)\n\tat org.testng.Assert.failNotEquals(Assert.java:1578)\n\tat org.testng.Assert.assertTrue(Assert.java:57)\n\tat com.samtech.qa.stepdefinitions.LoginSteps.verifyDashboardRedirection1(LoginSteps.java:72)\n\tat ✽.the user should see the \"Dashboard\" overview1(file:///home/runner/work/playwright-cucumber-framework/playwright-cucumber-framework/src/test/resources/features/Login.feature:20)\n","steps":[{"name":"Given  the user is on the login page","time":{"start":1771421511465,"stop":1771421515091,"duration":3626},"status":"passed","steps":[],"attachments":[],"parameters":[],"shouldDisplayMessage":false,"stepsCount":0,"attachmentsCount":0,"hasContent":false,"attachmentStep":false},{"name":"When  the user logs into the application with user credentials","time":{"start":1771421515091,"stop":1771421530893,"duration":15802},"status":"passed","steps":[],"attachments":[],"parameters":[],"shouldDisplayMessage":false,"stepsCount":0,"attachmentsCount":0,"hasContent":false,"attachmentStep":false},{"name":"Then  the user should see the \"Dashboard\" overview1","time":{"start":1771421530894,"stop":1771421530998,"duration":104},"status":"failed","statusMessage":"Dashboard failed to load! expected [true] but found [false]","statusTrace":"java.lang.AssertionError: Dashboard failed to load! expected [true] but found [false]\n\tat org.testng.Assert.fail(Assert.java:111)\n\tat org.testng.Assert.failNotEquals(Assert.java:1578)\n\tat org.testng.Assert.assertTrue(Assert.java:57)\n\tat com.samtech.qa.stepdefinitions.LoginSteps.verifyDashboardRedirection1(LoginSteps.java:72)\n\tat ✽.the user should see the \"Dashboard\" overview1(file:///home/runner/work/playwright-cucumber-framework/playwright-cucumber-framework/src/test/resources/features/Login.feature:20)\n","steps":[],"attachments":[{"uid":"9dca4c74cbc4793","name":"Step Screenshot","source":"9dca4c74cbc4793.png","type":"image/png","size":71004}],"parameters":[],"shouldDisplayMessage":true,"stepsCount":0,"attachmentsCount":1,"hasContent":true,"attachmentStep":false}],"attachments":[],"parameters":[],"shouldDisplayMessage":false,"stepsCount":3,"attachmentsCount":1,"hasContent":true,"attachmentStep":false},"afterStages":[{"name":"com.samtech.qa.hooks.ApplicationHooks.captureScenarioScreenshot(io.cucumber.java.Scenario)","time":{"start":1771421531000,"stop":1771421531746,"duration":746},"status":"passed","steps":[],"attachments":[{"uid":"72c4c3a6628c1930","name":"Final Scenario Result - FAILED","source":"72c4c3a6628c1930.png","type":"image/png","size":177400}],"parameters":[],"shouldDisplayMessage":false,"stepsCount":0,"attachmentsCount":1,"hasContent":true,"attachmentStep":false},{"name":"com.samtech.qa.hooks.ApplicationHooks.captureTrace(io.cucumber.java.Scenario)","time":{"start":1771421531746,"stop":1771421531941,"duration":195},"status":"passed","steps":[],"attachments":[{"uid":"cae7e86952a4e746","name":"Playwright Trace","source":"cae7e86952a4e746.zip","type":"application/zip","size":2984740}],"parameters":[],"shouldDisplayMessage":false,"stepsCount":0,"attachmentsCount":1,"hasContent":true,"attachmentStep":false},{"name":"com.samtech.qa.hooks.ApplicationHooks.captureVideo(io.cucumber.java.Scenario)","time":{"start":1771421531941,"stop":1771421531996,"duration":55},"status":"passed","steps":[],"attachments":[{"uid":"2859f3abaabe5ee6","name":"Execution Video","source":"2859f3abaabe5ee6.webm","type":"video/webm","size":745594}],"parameters":[],"shouldDisplayMessage":false,"stepsCount":0,"attachmentsCount":1,"hasContent":true,"attachmentStep":false},{"name":"com.samtech.qa.hooks.ApplicationHooks.quitBrowser(io.cucumber.java.Scenario)","time":{"start":1771421531996,"stop":1771421532023,"duration":27},"status":"passed","steps":[],"attachments":[],"parameters":[],"shouldDisplayMessage":false,"stepsCount":0,"attachmentsCount":0,"hasContent":false,"attachmentStep":false}],"labels":[{"name":"tag","value":"Login"},{"name":"tag","value":"regression"},{"name":"host","value":"runnervmjduv7"},{"name":"thread","value":"6161@runnervmjduv7.TestNG-PoolService-0(30)"},{"name":"feature","value":"User Authentication"},{"name":"story","value":"Test 1 Successful login with admin credentials"},{"name":"suite","value":"User Authentication"},{"name":"testClass","value":"Test 1 Successful login with admin credentials"},{"name":"framework","value":"cucumber4jvm"},{"name":"language","value":"java"},{"name":"gherkin_uri","value":"file:///home/runner/work/playwright-cucumber-framework/playwright-cucumber-framework/src/test/resources/features/Login.feature"},{"name":"package","value":"src.test.resources.features.Login_feature.User Authentication"},{"name":"resultFormat","value":"allure2"}],"parameters":[],"links":[],"hidden":true,"retry":true,"extra":{"categories":[],"tags":["regression","Login"]},"source":"c646032db4c9911.json","parameterValues":[]}