{"uid":"691c7dc1a2be1e98","name":"Test 1 Successful login with admin credentials","fullName":"src/test/resources/features/Login.feature:18","historyId":"97ce79cb5625043b47f948381fcef0be","time":{"start":1771485272447,"stop":1771485299309,"duration":26862},"status":"failed","statusMessage":"Dashboard failed to load! expected [true] but found [false]","statusTrace":"java.lang.AssertionError: Dashboard failed to load! expected [true] but found [false]\n\tat org.testng.Assert.fail(Assert.java:111)\n\tat org.testng.Assert.failNotEquals(Assert.java:1578)\n\tat org.testng.Assert.assertTrue(Assert.java:57)\n\tat com.samtech.qa.stepdefinitions.LoginSteps.verifyDashboardRedirection1(LoginSteps.java:72)\n\tat ✽.the user should see the \"Dashboard\" overview1(file:///home/runner/work/playwright-cucumber-framework/playwright-cucumber-framework/src/test/resources/features/Login.feature:20)\n","flaky":false,"newFailed":false,"newBroken":false,"newPassed":false,"retriesCount":0,"retriesStatusChange":false,"beforeStages":[{"name":"com.samtech.qa.hooks.ApplicationHooks.setupScenario(io.cucumber.java.Scenario)","time":{"start":1771485272452,"stop":1771485272460,"duration":8},"status":"passed","steps":[],"attachments":[],"parameters":[],"shouldDisplayMessage":false,"stepsCount":0,"attachmentsCount":0,"hasContent":false,"attachmentStep":false},{"name":"com.samtech.qa.hooks.ApplicationHooks.startTrace()","time":{"start":1771485272462,"stop":1771485279049,"duration":6587},"status":"passed","steps":[],"attachments":[],"parameters":[],"shouldDisplayMessage":false,"stepsCount":0,"attachmentsCount":0,"hasContent":false,"attachmentStep":false}],"testStage":{"status":"failed","statusMessage":"Dashboard failed to load! expected [true] but found [false]","statusTrace":"java.lang.AssertionError: Dashboard failed to load! expected [true] but found [false]\n\tat org.testng.Assert.fail(Assert.java:111)\n\tat org.testng.Assert.failNotEquals(Assert.java:1578)\n\tat org.testng.Assert.assertTrue(Assert.java:57)\n\tat com.samtech.qa.stepdefinitions.LoginSteps.verifyDashboardRedirection1(LoginSteps.java:72)\n\tat ✽.the user should see the \"Dashboard\" overview1(file:///home/runner/work/playwright-cucumber-framework/playwright-cucumber-framework/src/test/resources/features/Login.feature:20)\n","steps":[{"name":"Given  the user is on the login page","time":{"start":1771485279055,"stop":1771485281791,"duration":2736},"status":"passed","steps":[],"attachments":[],"parameters":[],"shouldDisplayMessage":false,"stepsCount":0,"attachmentsCount":0,"hasContent":false,"attachmentStep":false},{"name":"When  the user logs into the application with user credentials","time":{"start":1771485281791,"stop":1771485297714,"duration":15923},"status":"passed","steps":[],"attachments":[],"parameters":[],"shouldDisplayMessage":false,"stepsCount":0,"attachmentsCount":0,"hasContent":false,"attachmentStep":false},{"name":"Then  the user should see the \"Dashboard\" overview1","time":{"start":1771485297714,"stop":1771485297798,"duration":84},"status":"failed","statusMessage":"Dashboard failed to load! expected [true] but found [false]","statusTrace":"java.lang.AssertionError: Dashboard failed to load! expected [true] but found [false]\n\tat org.testng.Assert.fail(Assert.java:111)\n\tat org.testng.Assert.failNotEquals(Assert.java:1578)\n\tat org.testng.Assert.assertTrue(Assert.java:57)\n\tat com.samtech.qa.stepdefinitions.LoginSteps.verifyDashboardRedirection1(LoginSteps.java:72)\n\tat ✽.the user should see the \"Dashboard\" overview1(file:///home/runner/work/playwright-cucumber-framework/playwright-cucumber-framework/src/test/resources/features/Login.feature:20)\n","steps":[],"attachments":[{"uid":"4a7bba1859341f3","name":"Step Screenshot","source":"4a7bba1859341f3.png","type":"image/png","size":172700}],"parameters":[],"shouldDisplayMessage":true,"stepsCount":0,"attachmentsCount":1,"hasContent":true,"attachmentStep":false}],"attachments":[],"parameters":[],"shouldDisplayMessage":false,"stepsCount":3,"attachmentsCount":1,"hasContent":true,"attachmentStep":false},"afterStages":[{"name":"com.samtech.qa.hooks.ApplicationHooks.captureScenarioScreenshot(io.cucumber.java.Scenario)","time":{"start":1771485297798,"stop":1771485298437,"duration":639},"status":"passed","steps":[],"attachments":[{"uid":"4da68443e4f17320","name":"Final Scenario Result - FAILED","source":"4da68443e4f17320.png","type":"image/png","size":358229}],"parameters":[],"shouldDisplayMessage":false,"stepsCount":0,"attachmentsCount":1,"hasContent":true,"attachmentStep":false},{"name":"com.samtech.qa.hooks.ApplicationHooks.captureTrace(io.cucumber.java.Scenario)","time":{"start":1771485298438,"stop":1771485298780,"duration":342},"status":"passed","steps":[],"attachments":[{"uid":"ccc8e80e84c9a356","name":"Playwright Trace","source":"ccc8e80e84c9a356.zip","type":"application/zip","size":4316056}],"parameters":[],"shouldDisplayMessage":false,"stepsCount":0,"attachmentsCount":1,"hasContent":true,"attachmentStep":false},{"name":"com.samtech.qa.hooks.ApplicationHooks.captureVideo(io.cucumber.java.Scenario)","time":{"start":1771485298781,"stop":1771485298809,"duration":28},"status":"passed","steps":[],"attachments":[{"uid":"5ac2368b15023b6","name":"Execution Video","source":"5ac2368b15023b6.webm","type":"video/webm","size":716055}],"parameters":[],"shouldDisplayMessage":false,"stepsCount":0,"attachmentsCount":1,"hasContent":true,"attachmentStep":false},{"name":"com.samtech.qa.hooks.ApplicationHooks.quitBrowser(io.cucumber.java.Scenario)","time":{"start":1771485298809,"stop":1771485299308,"duration":499},"status":"passed","steps":[],"attachments":[],"parameters":[],"shouldDisplayMessage":false,"stepsCount":0,"attachmentsCount":0,"hasContent":false,"attachmentStep":false}],"labels":[{"name":"tag","value":"Login"},{"name":"tag","value":"regression"},{"name":"host","value":"runnervmjduv7"},{"name":"thread","value":"6147@runnervmjduv7.TestNG-PoolService-0(29)"},{"name":"feature","value":"User Authentication"},{"name":"story","value":"Test 1 Successful login with admin credentials"},{"name":"suite","value":"User Authentication"},{"name":"testClass","value":"Test 1 Successful login with admin credentials"},{"name":"framework","value":"cucumber4jvm"},{"name":"language","value":"java"},{"name":"gherkin_uri","value":"file:///home/runner/work/playwright-cucumber-framework/playwright-cucumber-framework/src/test/resources/features/Login.feature"},{"name":"package","value":"src.test.resources.features.Login_feature.User Authentication"},{"name":"resultFormat","value":"allure2"}],"parameters":[],"links":[],"hidden":true,"retry":true,"extra":{"categories":[],"tags":["regression","Login"]},"source":"691c7dc1a2be1e98.json","parameterValues":[]}